Homelab startup completed at Wed 10/15/2025  7:51:23.92
Update process completed at Wed 10/15/2025 11:33:41.72
Update process completed at Thu 10/16/2025  3:00:06.37
Update process completed at Fri 10/17/2025  3:02:47.03
Update process completed at Sat 10/18/2025  3:00:18.54
Update process completed at Sun 10/19/2025  3:00:05.61
Update process completed at Mon 10/20/2025  1:20:04.92
Update process completed at Mon 10/20/2025  3:03:55.58
Update process completed at Tue 10/21/2025  3:24:21.17
Update process completed at Wed 10/22/2025  3:50:51.24
Update process completed at Thu 10/23/2025  3:00:40.98
Update process completed at Fri 10/24/2025  3:00:07.82
Update process completed at Sat 10/25/2025  3:00:18.77
Update process completed at Sun 10/26/2025  3:00:05.66
Update process completed at Mon 10/27/2025  3:00:13.91
Update process completed at Tue 10/28/2025  3:00:51.72
Update process completed at Wed 10/29/2025  3:02:10.41
Update process completed at Thu 10/30/2025  3:00:01.96
Update process completed at Fri 10/31/2025  3:02:58.55
Update process completed at Sat 11/01/2025  3:03:20.20
Update process completed at Sun 11/02/2025  2:03:26.63
Update process completed at Mon 11/03/2025  2:00:07.93
Update process completed at Tue 11/04/2025  2:02:38.54
Update process completed at Wed 11/05/2025  2:00:22.27
Update process completed at Thu 11/06/2025  2:01:35.53
Update process completed at Fri 11/07/2025  2:07:42.17
Update process completed at Sat 11/08/2025  2:00:11.80
Update process completed at Sun 11/09/2025  2:00:06.42
Update process completed at Mon 11/10/2025  2:32:01.36
Update process completed at Tue 11/11/2025  2:00:06.65
Update process completed at 2025-11-11 14:47:02 - No containers updated
Update process completed at 2025-11-11 14:52:20 - No updates available
Update process completed at 2025-11-11 14:53:28 - No updates available
Update process completed at 2025-11-11 02:54:44 PM - No updates available
Update process completed at 2025-11-11 02:55:11 PM - No updates available
Update process completed at 2025-11-11 02:55 PM - No updates available
Update process completed at 2025-11-11 02:56 PM - No updates available
Update process completed at 2025-11-11 02:57 PM - No updates available
Update process completed at 2025-11-11 02:58 PM - No updates available
Update process completed at 2025-11-11 02:59 PM - No updates available
Update process completed at 2025-11-11 02:59 PM - No updates available
